<?xml version="1.0" encoding="UTF-8"?>
<!-- Generated by org.testng.reporters.JUnitXMLReporter -->
<testsuite hostname="DESKTOP-568LCLC" failures="1" tests="1" name="Test" time="14.789" errors="0" timestamp="13 Dec 2019 01:47:14 GMT">
  <testcase classname="TestRunner.testRun" name="feature" time="14.377">
    <failure type="cucumber.runtime.CucumberException" message="java.lang.NullPointerException">
      <![CDATA[cucumber.runtime.CucumberException: java.lang.NullPointerException
	at cucumber.api.testng.TestNGCucumberRunner.runCucumber(TestNGCucumberRunner.java:69)
	at cucumber.api.testng.AbstractTestNGCucumberTests.feature(AbstractTestNGCucumberTests.java:21)
Caused by: java.lang.NullPointerException
	at stepDefinition.stepDef.enter_hotel_information(stepDef.java:35)
	at ✽.When Enter hotel information(FlightDetails.feature:5)
... Removed 24 stack frames]]>
    </failure>
  </testcase> <!-- feature -->
</testsuite> <!-- Test -->
