<?xml version="1.0" encoding="UTF-8"?>
<testng-results ignored="0" total="1" passed="1" failed="0" skipped="0">
  <reporter-output>
  </reporter-output>
  <suite started-at="2019-12-18T01:46:07Z" name="Suite" finished-at="2019-12-18T01:46:33Z" duration-ms="26007">
    <groups>
      <group name="cucumber">
        <method signature="AbstractTestNGCucumberTests.feature(cucumber.api.testng.CucumberFeatureWrapper)[pri:0, instance:TestRunner.testRun@6253c26]" name="feature" class="cucumber.api.testng.AbstractTestNGCucumberTests"/>
      </group> <!-- cucumber -->
    </groups>
    <test started-at="2019-12-18T01:46:07Z" name="Test" finished-at="2019-12-18T01:46:33Z" duration-ms="26007">
      <class name="TestRunner.testRun">
        <test-method is-config="true" signature="setUpClass()[pri:0, instance:TestRunner.testRun@6253c26]" started-at="2019-12-18T01:46:07Z" name="setUpClass" finished-at="2019-12-18T01:46:07Z" duration-ms="259" status="PASS">
          <reporter-output>
          </reporter-output>
        </test-method> <!-- setUpClass -->
        <test-method signature="feature(cucumber.api.testng.CucumberFeatureWrapper)[pri:0, instance:TestRunner.testRun@6253c26]" started-at="2019-12-18T01:46:08Z" name="feature" description="Runs Cucumber Feature" data-provider="features" finished-at="2019-12-18T01:46:33Z" duration-ms="25643" status="PASS">
          <params>
            <param index="0">
              <value>
                <![CDATA[Search Hotel]]>
              </value>
            </param>
          </params>
          <reporter-output>
          </reporter-output>
        </test-method> <!-- feature -->
        <test-method is-config="true" signature="tearDownClass()[pri:0, instance:TestRunner.testRun@6253c26]" started-at="2019-12-18T01:46:33Z" name="tearDownClass" finished-at="2019-12-18T01:46:33Z" duration-ms="3" status="PASS">
          <reporter-output>
          </reporter-output>
        </test-method> <!-- tearDownClass -->
      </class> <!-- TestRunner.testRun -->
    </test> <!-- Test -->
  </suite> <!-- Suite -->
</testng-results>
